<?xml version="1.0" encoding="UTF-8"?>
<!-- Generated by org.testng.reporters.JUnitReportReporter -->
<testsuite hostname="TTR358" failures="0" tests="1" name="BTest" time="20.928" errors="0" timestamp="2020-05-19T17:49:04 IST" skipped="0">
  <testcase classname="BTest" name="BTest" time="20.928"/>
  <system-out/>
</testsuite> <!-- BTest -->
